<?xml version="1.0" encoding="UTF-8"?>
<!-- Generated by org.testng.reporters.JUnitXMLReporter -->
<testsuite ignored="1" hostname="LAPTOP-IPVIQBVG" failures="0" tests="1" name="Error Validation Test" time="16.273" errors="0" timestamp="2025-04-20T22:13:03 IST">
  <testcase classname="rahulshettyacademy.tests.ErrorValidation" name="LoginErrorValidation" time="0.616"/>
  <testcase classname="rahulshettyacademy.tests.ErrorValidation" name="ProductValidation" time="0.0">
    <ignored/>
  </testcase> <!-- ProductValidation -->
</testsuite> <!-- Error Validation Test -->
