<?xml version="1.0" encoding="UTF-8"?>
<testng-results ignored="0" total="1" passed="1" failed="0" skipped="0">
  <reporter-output>
  </reporter-output>
  <suite started-at="2025-04-20T22:12:46 IST" name="Suite" finished-at="2025-04-20T22:13:03 IST" duration-ms="16273">
    <groups>
      <group name="ErrorHandling">
        <method signature="ErrorValidation.LoginErrorValidation()[pri:0, instance:rahulshettyacademy.tests.ErrorValidation@175c2241]" name="LoginErrorValidation" class="rahulshettyacademy.tests.ErrorValidation"/>
      </group> <!-- ErrorHandling -->
    </groups>
    <test started-at="2025-04-20T22:12:46 IST" name="Submit Order Test" finished-at="2025-04-20T22:12:46 IST" duration-ms="15">
    </test> <!-- Submit Order Test -->
    <test started-at="2025-04-20T22:12:46 IST" name="Error Validation Test" finished-at="2025-04-20T22:13:03 IST" duration-ms="16273">
      <class name="rahulshettyacademy.tests.ErrorValidation">
        <test-method is-config="true" signature="launchApplication()[pri:0, instance:rahulshettyacademy.tests.ErrorValidation@175c2241]" started-at="2025-04-20T22:12:46 IST" name="launchApplication" finished-at="2025-04-20T22:13:02 IST" duration-ms="15313" status="PASS">
          <reporter-output>
          </reporter-output>
        </test-method> <!-- launchApplication -->
        <test-method signature="LoginErrorValidation()[pri:0, instance:rahulshettyacademy.tests.ErrorValidation@175c2241]" started-at="2025-04-20T22:13:02 IST" name="LoginErrorValidation" finished-at="2025-04-20T22:13:02 IST" duration-ms="616" status="PASS">
          <reporter-output>
          </reporter-output>
        </test-method> <!-- LoginErrorValidation -->
        <test-method is-config="true" signature="tearDown()[pri:0, instance:rahulshettyacademy.tests.ErrorValidation@175c2241]" started-at="2025-04-20T22:13:02 IST" name="tearDown" finished-at="2025-04-20T22:13:03 IST" duration-ms="274" status="PASS">
          <reporter-output>
          </reporter-output>
        </test-method> <!-- tearDown -->
      </class> <!-- rahulshettyacademy.tests.ErrorValidation -->
    </test> <!-- Error Validation Test -->
  </suite> <!-- Suite -->
</testng-results>
