<?xml version="1.0" encoding="UTF-8"?>
<!-- Generated by org.testng.reporters.JUnitReportReporter -->
<testsuite hostname="LAPTOP-IPVIQBVG" failures="0" tests="3" name="rahulshettyacademy.tests.SubmitOrderTest" time="30.382" errors="0" timestamp="2025-04-19T16:52:05 IST" skipped="0">
  <testcase classname="rahulshettyacademy.tests.SubmitOrderTest" name="OrderHistoryTest" time="4.976"/>
  <testcase classname="rahulshettyacademy.tests.SubmitOrderTest" name="submitOrder" time="11.500"/>
  <testcase classname="rahulshettyacademy.tests.SubmitOrderTest" name="submitOrder" time="13.906"/>
</testsuite> <!-- rahulshettyacademy.tests.SubmitOrderTest -->
