<?xml version="1.0" encoding="UTF-8"?>
<!-- Generated by org.testng.reporters.JUnitReportReporter -->
<testsuite hostname="LAPTOP-IPVIQBVG" failures="0" tests="3" name="rahulshettyacademy.tests.SubmitOrderTest" time="36.371" errors="0" timestamp="2025-04-20T00:18:17 IST" skipped="0">
  <testcase classname="rahulshettyacademy.tests.SubmitOrderTest" name="submitOrder" time="16.122"/>
  <testcase classname="rahulshettyacademy.tests.SubmitOrderTest" name="OrderHistoryTest" time="7.456"/>
  <testcase classname="rahulshettyacademy.tests.SubmitOrderTest" name="submitOrder" time="12.793"/>
</testsuite> <!-- rahulshettyacademy.tests.SubmitOrderTest -->
